
2023-02-04T16:48:14.114822+0300 - INFO - Игрок ввел 1
2023-02-04T16:48:15.316845+0300 - INFO - Игрок ввел 5
2023-02-04T16:48:20.481808+0300 - INFO - Игрок ввел 2
2023-02-04T16:48:21.520430+0300 - INFO - Игрок ввел 4
2023-02-04T16:48:22.278908+0300 - INFO - Игрок ввел 3
2023-02-04T16:48:22.279906+0300 - INFO - Победа игрока - ❌
2023-02-04T16:50:20.081780+0300 - INFO - Старт новой игры
2023-02-04T16:50:24.223147+0300 - INFO - Игрок ввел 1
2023-02-04T16:50:25.170990+0300 - INFO - Игрок ввел 2
2023-02-04T16:50:28.218834+0300 - INFO - Игрок ввел 3
2023-02-04T16:50:29.180631+0300 - INFO - Игрок ввел 4
2023-02-04T16:50:31.181001+0300 - INFO - Игрок ввел 8
2023-02-04T16:50:32.263406+0300 - INFO - Игрок ввел 5
2023-02-04T16:50:33.679722+0300 - INFO - Игрок ввел 6
2023-02-04T16:50:34.764136+0300 - INFO - Игрок ввел 7
2023-02-04T16:50:38.149958+0300 - INFO - Старт новой игры
2023-02-04T16:50:41.768952+0300 - INFO - Игрок ввел 2
2023-02-04T16:50:43.435453+0300 - INFO - Игрок ввел 4
2023-02-04T16:50:47.340581+0300 - INFO - Игрок ввел 5
2023-02-04T16:50:48.677182+0300 - INFO - Игрок ввел 8
2023-02-04T16:50:50.009762+0300 - INFO - Игрок ввел 6
2023-02-04T16:50:50.884888+0300 - INFO - Игрок ввел 1
2023-02-04T16:50:52.860404+0300 - INFO - Игрок ввел 3
2023-02-04T16:50:53.618867+0300 - INFO - Игрок ввел 7
2023-02-04T16:50:53.618867+0300 - INFO - Победа игрока - ⭕
2023-02-04T16:50:57.916778+0300 - INFO - Старт новой игры
2023-02-04T16:50:59.978998+0300 - INFO - Игрок остановил игру
